<?xml version="1.0" encoding="UTF-8"?>
<testng-results ignored="0" total="2" passed="2" failed="0" skipped="0">
  <reporter-output>
    <line>
      <![CDATA[launching browser ]]>
    </line>
    <line>
      <![CDATA[entering mobile number ]]>
    </line>
    <line>
      <![CDATA[clicking on signinbutton ]]>
    </line>
    <line>
      <![CDATA[entering password ]]>
    </line>
    <line>
      <![CDATA[clicking on submitbutton ]]>
    </line>
    <line>
      <![CDATA[clicking on ok button ]]>
    </line>
    <line>
      <![CDATA[clicking on close button ]]>
    </line>
    <line>
      <![CDATA[getting actualbalance Rs.5,00,000.00]]>
    </line>
    <line>
      <![CDATA[testcase completed succesfully]]>
    </line>
    <line>
      <![CDATA[clicking on username button ]]>
    </line>
    <line>
      <![CDATA[clicking on logout button ]]>
    </line>
    <line>
      <![CDATA[entering mobile number ]]>
    </line>
    <line>
      <![CDATA[clicking on signinbutton ]]>
    </line>
    <line>
      <![CDATA[entering password ]]>
    </line>
    <line>
      <![CDATA[clicking on submitbutton ]]>
    </line>
    <line>
      <![CDATA[popup not visible go ahead ]]>
    </line>
    <line>
      <![CDATA[getting actualusername ]]>
    </line>
    <line>
      <![CDATA[matching tc pass]]>
    </line>
    <line>
      <![CDATA[testcase completed succesfully]]>
    </line>
    <line>
      <![CDATA[clicking on username button ]]>
    </line>
    <line>
      <![CDATA[clicking on logout button ]]>
    </line>
    <line>
      <![CDATA[closing browser]]>
    </line>
  </reporter-output>
  <suite started-at="2022-12-06T15:16:24 IST" name="Default suite" finished-at="2022-12-06T15:16:58 IST" duration-ms="33211">
    <groups>
    </groups>
    <test started-at="2022-12-06T15:16:24 IST" name="Default test" finished-at="2022-12-06T15:16:58 IST" duration-ms="33211">
      <class name="neostoxTestClass.validateusername">
        <test-method is-config="true" signature="launchneostox()[pri:0, instance:neostoxTestClass.validateusername@65c7a252]" started-at="2022-12-06T15:16:25 IST" name="launchneostox" finished-at="2022-12-06T15:16:33 IST" duration-ms="8448" status="PASS">
          <reporter-output>
            <line>
              <![CDATA[launching browser ]]>
            </line>
          </reporter-output>
        </test-method> <!-- launchneostox -->
        <test-method is-config="true" signature="signintoneostox()[pri:0, instance:neostoxTestClass.validateusername@65c7a252]" started-at="2022-12-06T15:16:33 IST" name="signintoneostox" finished-at="2022-12-06T15:16:47 IST" duration-ms="13640" status="PASS">
          <reporter-output>
            <line>
              <![CDATA[entering mobile number ]]>
            </line>
            <line>
              <![CDATA[clicking on signinbutton ]]>
            </line>
            <line>
              <![CDATA[entering password ]]>
            </line>
            <line>
              <![CDATA[clicking on submitbutton ]]>
            </line>
            <line>
              <![CDATA[clicking on ok button ]]>
            </line>
            <line>
              <![CDATA[clicking on close button ]]>
            </line>
          </reporter-output>
        </test-method> <!-- signintoneostox -->
        <test-method signature="getbalance()[pri:-1, instance:neostoxTestClass.validateusername@65c7a252]" started-at="2022-12-06T15:16:47 IST" name="getbalance" finished-at="2022-12-06T15:16:47 IST" duration-ms="64" status="PASS">
          <reporter-output>
            <line>
              <![CDATA[getting actualbalance Rs.5,00,000.00]]>
            </line>
            <line>
              <![CDATA[testcase completed succesfully]]>
            </line>
          </reporter-output>
        </test-method> <!-- getbalance -->
        <test-method is-config="true" signature="logoutfromneostox()[pri:0, instance:neostoxTestClass.validateusername@65c7a252]" started-at="2022-12-06T15:16:47 IST" name="logoutfromneostox" finished-at="2022-12-06T15:16:49 IST" duration-ms="1838" status="PASS">
          <reporter-output>
            <line>
              <![CDATA[clicking on username button ]]>
            </line>
            <line>
              <![CDATA[clicking on logout button ]]>
            </line>
          </reporter-output>
        </test-method> <!-- logoutfromneostox -->
        <test-method is-config="true" signature="signintoneostox()[pri:0, instance:neostoxTestClass.validateusername@65c7a252]" started-at="2022-12-06T15:16:49 IST" name="signintoneostox" finished-at="2022-12-06T15:16:56 IST" duration-ms="7676" status="PASS">
          <reporter-output>
            <line>
              <![CDATA[entering mobile number ]]>
            </line>
            <line>
              <![CDATA[clicking on signinbutton ]]>
            </line>
            <line>
              <![CDATA[entering password ]]>
            </line>
            <line>
              <![CDATA[clicking on submitbutton ]]>
            </line>
            <line>
              <![CDATA[popup not visible go ahead ]]>
            </line>
          </reporter-output>
        </test-method> <!-- signintoneostox -->
        <test-method signature="validateuserid()[pri:0, instance:neostoxTestClass.validateusername@65c7a252]" started-at="2022-12-06T15:16:56 IST" name="validateuserid" finished-at="2022-12-06T15:16:57 IST" duration-ms="661" status="PASS">
          <reporter-output>
            <line>
              <![CDATA[getting actualusername ]]>
            </line>
            <line>
              <![CDATA[matching tc pass]]>
            </line>
            <line>
              <![CDATA[testcase completed succesfully]]>
            </line>
          </reporter-output>
        </test-method> <!-- validateuserid -->
        <test-method is-config="true" signature="logoutfromneostox()[pri:0, instance:neostoxTestClass.validateusername@65c7a252]" started-at="2022-12-06T15:16:57 IST" name="logoutfromneostox" finished-at="2022-12-06T15:16:57 IST" duration-ms="488" status="PASS">
          <reporter-output>
            <line>
              <![CDATA[clicking on username button ]]>
            </line>
            <line>
              <![CDATA[clicking on logout button ]]>
            </line>
          </reporter-output>
        </test-method> <!-- logoutfromneostox -->
        <test-method is-config="true" signature="closebrow()[pri:0, instance:neostoxTestClass.validateusername@65c7a252]" started-at="2022-12-06T15:16:57 IST" name="closebrow" finished-at="2022-12-06T15:16:58 IST" duration-ms="283" status="PASS">
          <reporter-output>
            <line>
              <![CDATA[closing browser]]>
            </line>
          </reporter-output>
        </test-method> <!-- closebrow -->
      </class> <!-- neostoxTestClass.validateusername -->
    </test> <!-- Default test -->
  </suite> <!-- Default suite -->
</testng-results>
