<?xml version="1.0" encoding="UTF-8"?>
<!-- Generated by org.testng.reporters.JUnitXMLReporter -->
<testsuite ignored="7" hostname="LAPTOP-E5EBS441" failures="0" tests="3" name="Test" time="0.148" errors="0" timestamp="2022-12-01T10:31:31 IST">
  <testcase classname="groupstudy.Testing1" name="B" time="0.02"/>
  <testcase classname="groupstudy.Testing1" name="D" time="0.002"/>
  <testcase classname="groupstudy.Testing2" name="J" time="0.002"/>
  <testcase classname="groupstudy.Testing1" name="C" time="0.0">
    <ignored/>
  </testcase> <!-- C -->
  <testcase classname="groupstudy.Testing1" name="A" time="0.0">
    <ignored/>
  </testcase> <!-- A -->
  <testcase classname="groupstudy.Testing2" name="G" time="0.0">
    <ignored/>
  </testcase> <!-- G -->
  <testcase classname="groupstudy.Testing2" name="I" time="0.0">
    <ignored/>
  </testcase> <!-- I -->
  <testcase classname="groupstudy.Testing1" name="E" time="0.0">
    <ignored/>
  </testcase> <!-- E -->
  <testcase classname="groupstudy.Testing2" name="F" time="0.0">
    <ignored/>
  </testcase> <!-- F -->
  <testcase classname="groupstudy.Testing2" name="H" time="0.0">
    <ignored/>
  </testcase> <!-- H -->
</testsuite> <!-- Test -->
